c:\users\student\desktop\oop3\oop3\x64\debug\vc143.pdb
c:\users\student\desktop\oop3\oop3\x64\debug\vc143.idb
c:\users\student\desktop\oop3\oop3\x64\debug\opticaldevice.obj
c:\users\student\desktop\oop3\oop3\x64\debug\odmatrix.obj
c:\users\student\desktop\oop3\oop3\x64\debug\lens_type.obj
c:\users\student\desktop\oop3\oop3\x64\debug\filename.obj
c:\users\артем\onedrive\рабочий стол\oop3\oop3\x64\debug\vc143.pdb
c:\users\артем\onedrive\рабочий стол\oop3\oop3\x64\debug\vc143.idb
c:\users\артем\onedrive\рабочий стол\oop3\oop3\x64\debug\opticaldevice.obj
c:\users\артем\onedrive\рабочий стол\oop3\oop3\x64\debug\lens_type.obj
c:\users\артем\onedrive\рабочий стол\oop3\oop3\x64\debug\filename.obj
c:\users\student\desktop\oop3\x64\debug\oop3.exe
c:\users\student\desktop\oop3\oop3\x64\debug\oop3.ilk
c:\users\student\desktop\oop3\x64\debug\oop3.pdb
c:\users\student\desktop\oop3\oop3\x64\debug\oop3.tlog\cl.command.1.tlog
c:\users\student\desktop\oop3\oop3\x64\debug\oop3.tlog\cl.items.tlog
c:\users\student\desktop\oop3\oop3\x64\debug\oop3.tlog\cl.read.1.tlog
c:\users\student\desktop\oop3\oop3\x64\debug\oop3.tlog\cl.write.1.tlog
c:\users\student\desktop\oop3\oop3\x64\debug\oop3.tlog\link.command.1.tlog
c:\users\student\desktop\oop3\oop3\x64\debug\oop3.tlog\link.read.1.tlog
c:\users\student\desktop\oop3\oop3\x64\debug\oop3.tlog\link.write.1.tlog
